<?xml version="1.0" encoding="UTF-8"?>
<!-- Generated by org.testng.reporters.JUnitXMLReporter -->
<testsuite ignored="0" hostname="LOG-BOM-145" failures="0" tests="6" name="Surefire test" time="16.269" errors="0" timestamp="2024-01-14T14:40:18 IST">
  <testcase classname="Com.Enabill.Tests.EnabillloginTest" name="TestCaes1" time="1.635"/>
  <testcase classname="Com.Enabill.Tests.EnabillloginTest" name="TestCaes2" time="0.678"/>
  <testcase classname="Com.Enabill.Tests.EnabillloginTest" name="TestCaes3" time="3.084"/>
  <testcase classname="Com.Enabill.Tests.EnabillloginTest" name="TestCaes4" time="0.676"/>
  <testcase classname="Com.Enabill.Tests.EnabillloginTest" name="TestCaes5" time="0.304"/>
  <testcase classname="Com.Enabill.Tests.EnabillloginTest" name="TestCaes6" time="0.266"/>
</testsuite> <!-- Surefire test -->
