<?xml version="1.0" encoding="UTF-8"?>
<!-- Generated by org.testng.reporters.JUnitXMLReporter -->
<testsuite ignored="0" hostname="LOG-BOM-145" failures="0" tests="6" name="Default test" time="27.704" errors="0" timestamp="2024-01-14T13:44:46 IST">
  <testcase classname="Com.Enabill.Tests.EnabillloginTest" name="TestCaes1" time="2.582"/>
  <testcase classname="Com.Enabill.Tests.EnabillloginTest" name="TestCaes2" time="0.767"/>
  <testcase classname="Com.Enabill.Tests.EnabillloginTest" name="TestCaes3" time="12.893"/>
  <testcase classname="Com.Enabill.Tests.EnabillloginTest" name="TestCaes4" time="0.754"/>
  <testcase classname="Com.Enabill.Tests.EnabillloginTest" name="TestCaes5" time="0.354"/>
  <testcase classname="Com.Enabill.Tests.EnabillloginTest" name="TestCaes6" time="0.301"/>
</testsuite> <!-- Default test -->
