<?xml version="1.0" encoding="UTF-8"?>
<testng-results ignored="0" total="6" passed="6" failed="0" skipped="0">
  <reporter-output>
  </reporter-output>
  <suite started-at="2024-01-14T14:40:02 IST" name="Surefire suite" finished-at="2024-01-14T14:40:18 IST" duration-ms="16269">
    <groups>
    </groups>
    <test started-at="2024-01-14T14:40:02 IST" name="Surefire test" finished-at="2024-01-14T14:40:18 IST" duration-ms="16269">
      <class name="Com.Enabill.Tests.EnabillloginTest">
        <test-method is-config="true" signature="init()[pri:0, instance:Com.Enabill.Tests.EnabillloginTest@4b168fa9]" started-at="2024-01-14T14:39:51 IST" name="init" finished-at="2024-01-14T14:40:02 IST" duration-ms="10851" status="PASS">
          <reporter-output>
          </reporter-output>
        </test-method> <!-- init -->
        <test-method is-config="true" signature="startDriver()[pri:0, instance:Com.Enabill.Tests.EnabillloginTest@4b168fa9]" started-at="2024-01-14T14:40:02 IST" name="startDriver" finished-at="2024-01-14T14:40:10 IST" duration-ms="8201" status="PASS">
          <reporter-output>
          </reporter-output>
        </test-method> <!-- startDriver -->
        <test-method signature="TestCaes1()[pri:1, instance:Com.Enabill.Tests.EnabillloginTest@4b168fa9]" started-at="2024-01-14T14:40:10 IST" name="TestCaes1" finished-at="2024-01-14T14:40:12 IST" duration-ms="1635" status="PASS">
          <reporter-output>
          </reporter-output>
        </test-method> <!-- TestCaes1 -->
        <test-method is-config="true" signature="Flushreport()[pri:0, instance:Com.Enabill.Tests.EnabillloginTest@4b168fa9]" started-at="2024-01-14T14:40:12 IST" name="Flushreport" finished-at="2024-01-14T14:40:13 IST" duration-ms="1292" status="PASS">
          <reporter-output>
          </reporter-output>
        </test-method> <!-- Flushreport -->
        <test-method signature="TestCaes2()[pri:2, instance:Com.Enabill.Tests.EnabillloginTest@4b168fa9]" started-at="2024-01-14T14:40:13 IST" name="TestCaes2" finished-at="2024-01-14T14:40:14 IST" duration-ms="678" status="PASS">
          <reporter-output>
          </reporter-output>
        </test-method> <!-- TestCaes2 -->
        <test-method is-config="true" signature="Flushreport()[pri:0, instance:Com.Enabill.Tests.EnabillloginTest@4b168fa9]" started-at="2024-01-14T14:40:14 IST" name="Flushreport" finished-at="2024-01-14T14:40:14 IST" duration-ms="15" status="PASS">
          <reporter-output>
          </reporter-output>
        </test-method> <!-- Flushreport -->
        <test-method signature="TestCaes3()[pri:3, instance:Com.Enabill.Tests.EnabillloginTest@4b168fa9]" started-at="2024-01-14T14:40:14 IST" name="TestCaes3" finished-at="2024-01-14T14:40:17 IST" duration-ms="3084" status="PASS">
          <reporter-output>
          </reporter-output>
        </test-method> <!-- TestCaes3 -->
        <test-method is-config="true" signature="Flushreport()[pri:0, instance:Com.Enabill.Tests.EnabillloginTest@4b168fa9]" started-at="2024-01-14T14:40:17 IST" name="Flushreport" finished-at="2024-01-14T14:40:17 IST" duration-ms="16" status="PASS">
          <reporter-output>
          </reporter-output>
        </test-method> <!-- Flushreport -->
        <test-method signature="TestCaes4()[pri:4, instance:Com.Enabill.Tests.EnabillloginTest@4b168fa9]" started-at="2024-01-14T14:40:17 IST" name="TestCaes4" finished-at="2024-01-14T14:40:18 IST" duration-ms="676" status="PASS">
          <reporter-output>
          </reporter-output>
        </test-method> <!-- TestCaes4 -->
        <test-method is-config="true" signature="Flushreport()[pri:0, instance:Com.Enabill.Tests.EnabillloginTest@4b168fa9]" started-at="2024-01-14T14:40:18 IST" name="Flushreport" finished-at="2024-01-14T14:40:18 IST" duration-ms="13" status="PASS">
          <reporter-output>
          </reporter-output>
        </test-method> <!-- Flushreport -->
        <test-method signature="TestCaes5()[pri:5, instance:Com.Enabill.Tests.EnabillloginTest@4b168fa9]" started-at="2024-01-14T14:40:18 IST" name="TestCaes5" finished-at="2024-01-14T14:40:18 IST" duration-ms="304" status="PASS">
          <reporter-output>
          </reporter-output>
        </test-method> <!-- TestCaes5 -->
        <test-method is-config="true" signature="Flushreport()[pri:0, instance:Com.Enabill.Tests.EnabillloginTest@4b168fa9]" started-at="2024-01-14T14:40:18 IST" name="Flushreport" finished-at="2024-01-14T14:40:18 IST" duration-ms="32" status="PASS">
          <reporter-output>
          </reporter-output>
        </test-method> <!-- Flushreport -->
        <test-method signature="TestCaes6()[pri:6, instance:Com.Enabill.Tests.EnabillloginTest@4b168fa9]" started-at="2024-01-14T14:40:18 IST" name="TestCaes6" finished-at="2024-01-14T14:40:18 IST" duration-ms="266" status="PASS">
          <reporter-output>
          </reporter-output>
        </test-method> <!-- TestCaes6 -->
        <test-method is-config="true" signature="Flushreport()[pri:0, instance:Com.Enabill.Tests.EnabillloginTest@4b168fa9]" started-at="2024-01-14T14:40:18 IST" name="Flushreport" finished-at="2024-01-14T14:40:18 IST" duration-ms="15" status="PASS">
          <reporter-output>
          </reporter-output>
        </test-method> <!-- Flushreport -->
        <test-method is-config="true" signature="tierdown()[pri:0, instance:Com.Enabill.Tests.EnabillloginTest@4b168fa9]" started-at="2024-01-14T14:40:18 IST" name="tierdown" finished-at="2024-01-14T14:40:18 IST" duration-ms="1" status="PASS">
          <reporter-output>
          </reporter-output>
        </test-method> <!-- tierdown -->
      </class> <!-- Com.Enabill.Tests.EnabillloginTest -->
    </test> <!-- Surefire test -->
  </suite> <!-- Surefire suite -->
</testng-results>
