<?xml version="1.0" encoding="UTF-8"?>
<testng-results ignored="0" total="6" passed="6" failed="0" skipped="0">
  <reporter-output>
  </reporter-output>
  <suite started-at="2024-01-14T13:44:18 IST" name="Default suite" finished-at="2024-01-14T13:44:46 IST" duration-ms="27704">
    <groups>
    </groups>
    <test started-at="2024-01-14T13:44:18 IST" name="Default test" finished-at="2024-01-14T13:44:46 IST" duration-ms="27704">
      <class name="Com.Enabill.Tests.EnabillloginTest">
        <test-method is-config="true" signature="init()[pri:0, instance:Com.Enabill.Tests.EnabillloginTest@18078bef]" started-at="2024-01-14T13:44:09 IST" name="init" finished-at="2024-01-14T13:44:18 IST" duration-ms="9272" status="PASS">
          <reporter-output>
          </reporter-output>
        </test-method> <!-- init -->
        <test-method is-config="true" signature="startDriver()[pri:0, instance:Com.Enabill.Tests.EnabillloginTest@18078bef]" started-at="2024-01-14T13:44:18 IST" name="startDriver" finished-at="2024-01-14T13:44:26 IST" duration-ms="8558" status="PASS">
          <reporter-output>
          </reporter-output>
        </test-method> <!-- startDriver -->
        <test-method signature="TestCaes1()[pri:1, instance:Com.Enabill.Tests.EnabillloginTest@18078bef]" started-at="2024-01-14T13:44:26 IST" name="TestCaes1" finished-at="2024-01-14T13:44:29 IST" duration-ms="2582" status="PASS">
          <reporter-output>
          </reporter-output>
        </test-method> <!-- TestCaes1 -->
        <test-method is-config="true" signature="Flushreport()[pri:0, instance:Com.Enabill.Tests.EnabillloginTest@18078bef]" started-at="2024-01-14T13:44:29 IST" name="Flushreport" finished-at="2024-01-14T13:44:30 IST" duration-ms="1302" status="PASS">
          <reporter-output>
          </reporter-output>
        </test-method> <!-- Flushreport -->
        <test-method signature="TestCaes2()[pri:2, instance:Com.Enabill.Tests.EnabillloginTest@18078bef]" started-at="2024-01-14T13:44:30 IST" name="TestCaes2" finished-at="2024-01-14T13:44:31 IST" duration-ms="767" status="PASS">
          <reporter-output>
          </reporter-output>
        </test-method> <!-- TestCaes2 -->
        <test-method is-config="true" signature="Flushreport()[pri:0, instance:Com.Enabill.Tests.EnabillloginTest@18078bef]" started-at="2024-01-14T13:44:31 IST" name="Flushreport" finished-at="2024-01-14T13:44:31 IST" duration-ms="31" status="PASS">
          <reporter-output>
          </reporter-output>
        </test-method> <!-- Flushreport -->
        <test-method signature="TestCaes3()[pri:3, instance:Com.Enabill.Tests.EnabillloginTest@18078bef]" started-at="2024-01-14T13:44:31 IST" name="TestCaes3" finished-at="2024-01-14T13:44:44 IST" duration-ms="12893" status="PASS">
          <reporter-output>
          </reporter-output>
        </test-method> <!-- TestCaes3 -->
        <test-method is-config="true" signature="Flushreport()[pri:0, instance:Com.Enabill.Tests.EnabillloginTest@18078bef]" started-at="2024-01-14T13:44:44 IST" name="Flushreport" finished-at="2024-01-14T13:44:44 IST" duration-ms="66" status="PASS">
          <reporter-output>
          </reporter-output>
        </test-method> <!-- Flushreport -->
        <test-method signature="TestCaes4()[pri:4, instance:Com.Enabill.Tests.EnabillloginTest@18078bef]" started-at="2024-01-14T13:44:44 IST" name="TestCaes4" finished-at="2024-01-14T13:44:45 IST" duration-ms="754" status="PASS">
          <reporter-output>
          </reporter-output>
        </test-method> <!-- TestCaes4 -->
        <test-method is-config="true" signature="Flushreport()[pri:0, instance:Com.Enabill.Tests.EnabillloginTest@18078bef]" started-at="2024-01-14T13:44:45 IST" name="Flushreport" finished-at="2024-01-14T13:44:45 IST" duration-ms="11" status="PASS">
          <reporter-output>
          </reporter-output>
        </test-method> <!-- Flushreport -->
        <test-method signature="TestCaes5()[pri:5, instance:Com.Enabill.Tests.EnabillloginTest@18078bef]" started-at="2024-01-14T13:44:45 IST" name="TestCaes5" finished-at="2024-01-14T13:44:45 IST" duration-ms="354" status="PASS">
          <reporter-output>
          </reporter-output>
        </test-method> <!-- TestCaes5 -->
        <test-method is-config="true" signature="Flushreport()[pri:0, instance:Com.Enabill.Tests.EnabillloginTest@18078bef]" started-at="2024-01-14T13:44:45 IST" name="Flushreport" finished-at="2024-01-14T13:44:45 IST" duration-ms="27" status="PASS">
          <reporter-output>
          </reporter-output>
        </test-method> <!-- Flushreport -->
        <test-method signature="TestCaes6()[pri:6, instance:Com.Enabill.Tests.EnabillloginTest@18078bef]" started-at="2024-01-14T13:44:45 IST" name="TestCaes6" finished-at="2024-01-14T13:44:46 IST" duration-ms="301" status="PASS">
          <reporter-output>
          </reporter-output>
        </test-method> <!-- TestCaes6 -->
        <test-method is-config="true" signature="Flushreport()[pri:0, instance:Com.Enabill.Tests.EnabillloginTest@18078bef]" started-at="2024-01-14T13:44:46 IST" name="Flushreport" finished-at="2024-01-14T13:44:46 IST" duration-ms="7" status="PASS">
          <reporter-output>
          </reporter-output>
        </test-method> <!-- Flushreport -->
        <test-method is-config="true" signature="tierdown()[pri:0, instance:Com.Enabill.Tests.EnabillloginTest@18078bef]" started-at="2024-01-14T13:44:46 IST" name="tierdown" finished-at="2024-01-14T13:44:46 IST" duration-ms="0" status="PASS">
          <reporter-output>
          </reporter-output>
        </test-method> <!-- tierdown -->
      </class> <!-- Com.Enabill.Tests.EnabillloginTest -->
    </test> <!-- Default test -->
  </suite> <!-- Default suite -->
</testng-results>
